2025-02-13 10:59:02,042 - INFO - Memory before execution: 67.82421875
2025-02-13 10:59:02,056 - INFO - Success connect to DB HIS LIVE!
2025-02-13 10:59:02,338 - INFO - Extracted 3781 rows from source HIS LIVE
2025-02-13 10:59:02,454 - INFO - Success connect to database staging SQLServer!
2025-02-13 10:59:03,028 - INFO - Total rows data modified: 0
2025-02-13 10:59:03,028 - INFO - Total rows data inserted: 0
2025-02-13 10:59:03,028 - INFO - There is no data updated
2025-02-13 10:59:03,028 - INFO - There is no data new
2025-02-13 10:59:03,035 - INFO - Memory after execution: 83.578125
2025-02-13 10:59:03,035 - INFO - Memory used: 15.75390625
2025-02-13 10:59:03,035 - INFO - total time execution: 0.9939696788787842

2025-02-14 04:00:01,999 - INFO - Memory before execution: 67.3671875
2025-02-14 04:00:02,009 - INFO - Success connect to DB HIS LIVE!
2025-02-14 04:00:09,986 - INFO - Extracted 3591 rows from source HIS LIVE
2025-02-14 04:00:10,071 - INFO - Success connect to database staging SQLServer!
2025-02-14 04:00:12,476 - INFO - Total rows data modified: 13
2025-02-14 04:00:12,477 - INFO - Total rows data inserted: 207
2025-02-14 04:00:12,754 - INFO - success updated data 13 rows
2025-02-14 04:00:12,906 - INFO - Success inserted new data 207 rows 
2025-02-14 04:00:12,944 - INFO - Memory after execution: 83.1171875
2025-02-14 04:00:12,945 - INFO - Memory used: 15.75
2025-02-14 04:00:12,945 - INFO - total time execution: 10.944997787475586

2025-02-15 04:00:03,300 - INFO - Memory before execution: 67.1953125
2025-02-15 04:00:03,313 - INFO - Success connect to DB HIS LIVE!
2025-02-15 04:00:11,145 - INFO - Extracted 3850 rows from source HIS LIVE
2025-02-15 04:00:11,239 - INFO - Success connect to database staging SQLServer!
2025-02-15 04:00:12,937 - INFO - Total rows data modified: 109
2025-02-15 04:00:12,937 - INFO - Total rows data inserted: 388
2025-02-15 04:00:13,348 - INFO - success updated data 109 rows
2025-02-15 04:00:13,755 - INFO - Success inserted new data 388 rows 
2025-02-15 04:00:13,758 - INFO - Memory after execution: 83.3203125
2025-02-15 04:00:13,758 - INFO - Memory used: 16.125
2025-02-15 04:00:13,758 - INFO - total time execution: 10.45399808883667

2025-02-16 04:00:01,873 - INFO - Memory before execution: 67.2734375
2025-02-16 04:00:01,890 - INFO - Success connect to DB HIS LIVE!
2025-02-16 04:00:08,775 - INFO - Extracted 3953 rows from source HIS LIVE
2025-02-16 04:00:08,888 - INFO - Success connect to database staging SQLServer!
2025-02-16 04:00:10,808 - INFO - Total rows data modified: 38
2025-02-16 04:00:10,808 - INFO - Total rows data inserted: 103
2025-02-16 04:00:10,982 - INFO - success updated data 38 rows
2025-02-16 04:00:11,075 - INFO - Success inserted new data 103 rows 
2025-02-16 04:00:11,078 - INFO - Memory after execution: 83.40234375
2025-02-16 04:00:11,078 - INFO - Memory used: 16.12890625
2025-02-16 04:00:11,078 - INFO - total time execution: 9.202998399734497

2025-02-17 04:00:01,870 - INFO - Memory before execution: 67.21484375
2025-02-17 04:00:01,883 - INFO - Success connect to DB HIS LIVE!
2025-02-17 04:00:10,424 - INFO - Extracted 3953 rows from source HIS LIVE
2025-02-17 04:00:10,531 - INFO - Success connect to database staging SQLServer!
2025-02-17 04:00:12,746 - INFO - Total rows data modified: 0
2025-02-17 04:00:12,747 - INFO - Total rows data inserted: 0
2025-02-17 04:00:12,747 - INFO - There is no data updated
2025-02-17 04:00:12,747 - INFO - There is no data new
2025-02-17 04:00:12,748 - INFO - Memory after execution: 83.79296875
2025-02-17 04:00:12,749 - INFO - Memory used: 16.578125
2025-02-17 04:00:12,749 - INFO - total time execution: 10.876988649368286

2025-02-18 04:00:02,774 - INFO - Memory before execution: 67.25
2025-02-18 04:00:02,787 - INFO - Success connect to DB HIS LIVE!
2025-02-18 04:00:10,155 - INFO - Extracted 4333 rows from source HIS LIVE
2025-02-18 04:00:10,257 - INFO - Success connect to database staging SQLServer!
2025-02-18 04:00:11,928 - INFO - Total rows data modified: 132
2025-02-18 04:00:11,929 - INFO - Total rows data inserted: 477
2025-02-18 04:00:12,395 - INFO - success updated data 132 rows
2025-02-18 04:00:12,883 - INFO - Success inserted new data 477 rows 
2025-02-18 04:00:12,887 - INFO - Memory after execution: 85.2734375
2025-02-18 04:00:12,887 - INFO - Memory used: 18.0234375
2025-02-18 04:00:12,887 - INFO - total time execution: 10.111995220184326

2025-02-19 04:00:01,831 - INFO - Memory before execution: 67.27734375
2025-02-19 04:00:01,842 - INFO - Success connect to DB HIS LIVE!
2025-02-19 04:00:09,406 - INFO - Extracted 4549 rows from source HIS LIVE
2025-02-19 04:00:09,506 - INFO - Success connect to database staging SQLServer!
2025-02-19 04:00:11,499 - INFO - Total rows data modified: 129
2025-02-19 04:00:11,499 - INFO - Total rows data inserted: 380
2025-02-19 04:00:11,640 - INFO - success updated data 129 rows
2025-02-19 04:00:11,794 - INFO - Success inserted new data 380 rows 
2025-02-19 04:00:11,797 - INFO - Memory after execution: 84.76171875
2025-02-19 04:00:11,797 - INFO - Memory used: 17.484375
2025-02-19 04:00:11,797 - INFO - total time execution: 9.963999271392822

2025-02-20 04:00:01,857 - INFO - Memory before execution: 67.38671875
2025-02-20 04:00:01,870 - INFO - Success connect to DB HIS LIVE!
2025-02-20 04:00:09,393 - INFO - Extracted 4653 rows from source HIS LIVE
2025-02-20 04:00:09,503 - INFO - Success connect to database staging SQLServer!
2025-02-20 04:00:11,630 - INFO - Total rows data modified: 128
2025-02-20 04:00:11,630 - INFO - Total rows data inserted: 420
2025-02-20 04:00:11,780 - INFO - success updated data 128 rows
2025-02-20 04:00:12,143 - INFO - Success inserted new data 420 rows 
2025-02-20 04:00:12,146 - INFO - Memory after execution: 85.2734375
2025-02-20 04:00:12,146 - INFO - Memory used: 17.88671875
2025-02-20 04:00:12,146 - INFO - total time execution: 10.284998178482056

2025-02-21 04:00:01,802 - INFO - Memory before execution: 67.40234375
2025-02-21 04:00:01,817 - INFO - Success connect to DB HIS LIVE!
2025-02-21 04:00:09,036 - INFO - Extracted 5211 rows from source HIS LIVE
2025-02-21 04:00:09,176 - INFO - Success connect to database staging SQLServer!
2025-02-21 04:00:11,208 - INFO - Total rows data modified: 125
2025-02-21 04:00:11,208 - INFO - Total rows data inserted: 786
2025-02-21 04:00:11,333 - INFO - success updated data 125 rows
2025-02-21 04:00:11,505 - INFO - Success inserted new data 786 rows 
2025-02-21 04:00:11,520 - INFO - Memory after execution: 86.61328125
2025-02-21 04:00:11,520 - INFO - Memory used: 19.2109375
2025-02-21 04:00:11,520 - INFO - total time execution: 9.718734502792358

2025-02-22 04:00:01,801 - INFO - Memory before execution: 67.4375
2025-02-22 04:00:01,811 - INFO - Success connect to DB HIS LIVE!
2025-02-22 04:00:10,122 - INFO - Extracted 5560 rows from source HIS LIVE
2025-02-22 04:00:10,277 - INFO - Success connect to database staging SQLServer!
2025-02-22 04:00:13,134 - INFO - Total rows data modified: 234
2025-02-22 04:00:13,135 - INFO - Total rows data inserted: 349
2025-02-22 04:00:13,548 - INFO - success updated data 234 rows
2025-02-22 04:00:13,685 - INFO - Success inserted new data 349 rows 
2025-02-22 04:00:13,704 - INFO - Memory after execution: 86.89453125
2025-02-22 04:00:13,704 - INFO - Memory used: 19.45703125
2025-02-22 04:00:13,704 - INFO - total time execution: 11.901996374130249

2025-02-23 04:00:01,913 - INFO - Memory before execution: 67.26953125
2025-02-23 04:00:01,927 - INFO - Success connect to DB HIS LIVE!
2025-02-23 04:00:11,072 - INFO - Extracted 6074 rows from source HIS LIVE
2025-02-23 04:00:11,233 - INFO - Success connect to database staging SQLServer!
2025-02-23 04:00:14,038 - INFO - Total rows data modified: 15
2025-02-23 04:00:14,038 - INFO - Total rows data inserted: 514
2025-02-23 04:00:14,526 - INFO - success updated data 15 rows
2025-02-23 04:00:14,683 - INFO - Success inserted new data 514 rows 
2025-02-23 04:00:14,686 - INFO - Memory after execution: 87.6640625
2025-02-23 04:00:14,686 - INFO - Memory used: 20.39453125
2025-02-23 04:00:14,686 - INFO - total time execution: 12.768993854522705

2025-02-24 04:00:01,865 - INFO - Memory before execution: 67.40234375
2025-02-24 04:00:01,877 - INFO - Success connect to DB HIS LIVE!
2025-02-24 04:00:08,957 - INFO - Extracted 5767 rows from source HIS LIVE
2025-02-24 04:00:09,088 - INFO - Success connect to database staging SQLServer!
2025-02-24 04:00:11,022 - INFO - Total rows data modified: 0
2025-02-24 04:00:11,022 - INFO - Total rows data inserted: 0
2025-02-24 04:00:11,022 - INFO - There is no data updated
2025-02-24 04:00:11,022 - INFO - There is no data new
2025-02-24 04:00:11,024 - INFO - Memory after execution: 86.6171875
2025-02-24 04:00:11,024 - INFO - Memory used: 19.21484375
2025-02-24 04:00:11,024 - INFO - total time execution: 9.156997680664062

2025-02-25 04:00:01,760 - INFO - Memory before execution: 67.4375
2025-02-25 04:00:01,760 - INFO - Success connect to DB HIS LIVE!
2025-02-25 04:00:11,338 - INFO - Extracted 6094 rows from source HIS LIVE
2025-02-25 04:00:53,697 - ERROR - (pyodbc.OperationalError) ('08001', '[08001] [Microsoft][SQL Server Native Client 11.0]Named Pipes Provider: Could not open a connection to SQL Server [53].  (53) (SQLDriverConnect); [08001] [Microsoft][SQL Server Native Client 11.0]Login timeout expired (0); [08001] [Microsoft][SQL Server Native Client 11.0]A network-related or instance-specific error has occurred while establishing a connection to SQL Server. Server is not found or not accessible. Check if instance name is correct and if SQL Server is configured to allow remote connections. For more information see SQL Server Books Online. (53)')
(Background on this error at: https://sqlalche.me/e/14/e3q8)
2025-02-25 04:00:53,697 - INFO - Preparing to send email notification.
2025-02-25 04:00:54,057 - INFO - Connecting to SMTP server.
2025-02-25 04:00:56,682 - INFO - Email sent successfully.

2025-02-25 10:30:20,848 - INFO - Memory before execution: 68.05078125
2025-02-25 10:30:20,864 - INFO - Success connect to DB HIS LIVE!
2025-02-25 10:30:52,274 - INFO - Extracted 6094 rows from source HIS LIVE
2025-02-25 10:30:52,483 - INFO - Success connect to database staging SQLServer!
2025-02-25 10:30:55,391 - INFO - Total rows data modified: 580
2025-02-25 10:30:55,391 - INFO - Total rows data inserted: 600
2025-02-25 10:30:56,516 - INFO - success updated data 580 rows
2025-02-25 10:30:57,298 - INFO - Success inserted new data 600 rows 
2025-02-25 10:30:57,313 - INFO - Memory after execution: 88.9140625
2025-02-25 10:30:57,313 - INFO - Memory used: 20.86328125
2025-02-25 10:30:57,313 - INFO - total time execution: 36.46477150917053

2025-02-26 04:00:01,864 - INFO - Memory before execution: 67.328125
2025-02-26 04:00:01,877 - INFO - Success connect to DB HIS LIVE!
2025-02-26 04:00:11,759 - INFO - Extracted 6210 rows from source HIS LIVE
2025-02-26 04:00:11,918 - INFO - Success connect to database staging SQLServer!
2025-02-26 04:00:15,124 - INFO - Total rows data modified: 11
2025-02-26 04:00:15,124 - INFO - Total rows data inserted: 489
2025-02-26 04:00:15,282 - INFO - success updated data 11 rows
2025-02-26 04:00:16,006 - INFO - Success inserted new data 489 rows 
2025-02-26 04:00:16,009 - INFO - Memory after execution: 87.69921875
2025-02-26 04:00:16,009 - INFO - Memory used: 20.37109375
2025-02-26 04:00:16,009 - INFO - total time execution: 14.141997575759888

2025-02-27 04:00:01,811 - INFO - Memory before execution: 67.36328125
2025-02-27 04:00:01,811 - INFO - Success connect to DB HIS LIVE!
2025-02-27 04:00:12,139 - INFO - Extracted 6350 rows from source HIS LIVE
2025-02-27 04:00:12,311 - INFO - Success connect to database staging SQLServer!
2025-02-27 04:00:15,514 - INFO - Total rows data modified: 97
2025-02-27 04:00:15,514 - INFO - Total rows data inserted: 413
2025-02-27 04:00:15,702 - INFO - success updated data 97 rows
2025-02-27 04:00:16,327 - INFO - Success inserted new data 413 rows 
2025-02-27 04:00:16,343 - INFO - Memory after execution: 87.93359375
2025-02-27 04:00:16,343 - INFO - Memory used: 20.5703125
2025-02-27 04:00:16,343 - INFO - total time execution: 14.531239748001099

2025-02-28 04:00:01,878 - INFO - Memory before execution: 67.37890625
2025-02-28 04:00:01,891 - INFO - Success connect to DB HIS LIVE!
2025-02-28 04:00:11,496 - INFO - Extracted 6460 rows from source HIS LIVE
2025-02-28 04:00:11,652 - INFO - Success connect to database staging SQLServer!
2025-02-28 04:00:14,887 - INFO - Total rows data modified: 6
2025-02-28 04:00:14,887 - INFO - Total rows data inserted: 512
2025-02-28 04:00:15,076 - INFO - success updated data 6 rows
2025-02-28 04:00:15,438 - INFO - Success inserted new data 512 rows 
2025-02-28 04:00:15,442 - INFO - Memory after execution: 88.328125
2025-02-28 04:00:15,442 - INFO - Memory used: 20.94921875
2025-02-28 04:00:15,442 - INFO - total time execution: 13.560997009277344

2025-03-01 04:00:21,921 - INFO - Memory before execution: 67.34375
2025-03-01 04:00:21,980 - INFO - Success connect to DB HIS LIVE!
2025-03-01 04:00:32,828 - INFO - Extracted 6576 rows from source HIS LIVE
2025-03-01 04:00:34,474 - INFO - Success connect to database staging SQLServer!
2025-03-01 04:00:50,707 - INFO - Total rows data modified: 328
2025-03-01 04:00:50,707 - INFO - Total rows data inserted: 213
2025-03-01 04:00:53,324 - INFO - success updated data 328 rows
2025-03-01 04:00:54,152 - INFO - Success inserted new data 213 rows 
2025-03-01 04:00:54,264 - INFO - Memory after execution: 88.4609375
2025-03-01 04:00:54,264 - INFO - Memory used: 21.1171875
2025-03-01 04:00:54,264 - INFO - total time execution: 32.30499339103699

2025-03-04 04:00:02,604 - INFO - Memory before execution: 67.3359375
2025-03-04 04:00:02,701 - INFO - Success connect to DB HIS LIVE!
2025-03-04 04:00:13,474 - INFO - Extracted 6338 rows from source HIS LIVE
2025-03-04 04:00:13,766 - INFO - Success connect to database staging SQLServer!
2025-03-04 04:00:18,044 - INFO - Total rows data modified: 14
2025-03-04 04:00:18,044 - INFO - Total rows data inserted: 295
2025-03-04 04:00:18,514 - INFO - success updated data 14 rows
2025-03-04 04:00:18,817 - INFO - Success inserted new data 295 rows 
2025-03-04 04:00:18,858 - INFO - Memory after execution: 88.55859375
2025-03-04 04:00:18,858 - INFO - Memory used: 21.22265625
2025-03-04 04:00:18,859 - INFO - total time execution: 16.251999139785767

2025-03-05 04:00:02,596 - INFO - Memory before execution: 67.40625
2025-03-05 04:00:02,596 - INFO - Success connect to DB HIS LIVE!
2025-03-05 04:00:13,518 - INFO - Extracted 6453 rows from source HIS LIVE
2025-03-05 04:00:13,674 - INFO - Success connect to database staging SQLServer!
2025-03-05 04:00:16,705 - INFO - Total rows data modified: 2
2025-03-05 04:00:16,705 - INFO - Total rows data inserted: 404
2025-03-05 04:00:16,846 - INFO - success updated data 2 rows
2025-03-05 04:00:16,971 - INFO - Success inserted new data 404 rows 
2025-03-05 04:00:16,971 - INFO - Memory after execution: 88.21484375
2025-03-05 04:00:16,971 - INFO - Memory used: 20.80859375
2025-03-05 04:00:16,971 - INFO - total time execution: 14.374996185302734

2025-03-06 04:00:02,648 - INFO - Memory before execution: 67.41796875
2025-03-06 04:00:02,663 - INFO - Success connect to DB HIS LIVE!
2025-03-06 04:00:13,444 - INFO - Extracted 6563 rows from source HIS LIVE
2025-03-06 04:00:13,601 - INFO - Success connect to database staging SQLServer!
2025-03-06 04:00:16,882 - INFO - Total rows data modified: 154
2025-03-06 04:00:16,882 - INFO - Total rows data inserted: 314
2025-03-06 04:00:17,648 - INFO - success updated data 154 rows
2025-03-06 04:00:17,835 - INFO - Success inserted new data 314 rows 
2025-03-06 04:00:17,835 - INFO - Memory after execution: 88.41015625
2025-03-06 04:00:17,835 - INFO - Memory used: 20.9921875
2025-03-06 04:00:17,835 - INFO - total time execution: 15.187500476837158

2025-03-07 04:00:02,617 - INFO - Memory before execution: 67.40234375
2025-03-07 04:00:02,633 - INFO - Success connect to DB HIS LIVE!
2025-03-07 04:00:12,898 - INFO - Extracted 6544 rows from source HIS LIVE
2025-03-07 04:00:13,023 - INFO - Success connect to database staging SQLServer!
2025-03-07 04:00:17,117 - INFO - Total rows data modified: 15
2025-03-07 04:00:17,117 - INFO - Total rows data inserted: 372
2025-03-07 04:00:17,383 - INFO - success updated data 15 rows
2025-03-07 04:00:17,523 - INFO - Success inserted new data 372 rows 
2025-03-07 04:00:17,523 - INFO - Memory after execution: 88.390625
2025-03-07 04:00:17,523 - INFO - Memory used: 20.98828125
2025-03-07 04:00:17,523 - INFO - total time execution: 14.906229257583618

2025-03-08 04:00:02,633 - INFO - Memory before execution: 67.421875
2025-03-08 04:00:02,649 - INFO - Success connect to DB HIS LIVE!
2025-03-08 04:00:13,117 - INFO - Extracted 6823 rows from source HIS LIVE
2025-03-08 04:00:13,274 - INFO - Success connect to database staging SQLServer!
2025-03-08 04:00:16,680 - INFO - Total rows data modified: 14
2025-03-08 04:00:16,680 - INFO - Total rows data inserted: 382
2025-03-08 04:00:16,883 - INFO - success updated data 14 rows
2025-03-08 04:00:17,367 - INFO - Success inserted new data 382 rows 
2025-03-08 04:00:17,367 - INFO - Memory after execution: 89.50390625
2025-03-08 04:00:17,367 - INFO - Memory used: 22.08203125
2025-03-08 04:00:17,367 - INFO - total time execution: 14.734373807907104

2025-03-09 04:00:02,645 - INFO - Memory before execution: 67.37109375
2025-03-09 04:00:02,661 - INFO - Success connect to DB HIS LIVE!
2025-03-09 04:00:13,739 - INFO - Extracted 6823 rows from source HIS LIVE
2025-03-09 04:00:13,880 - INFO - Success connect to database staging SQLServer!
2025-03-09 04:00:17,130 - INFO - Total rows data modified: 0
2025-03-09 04:00:17,130 - INFO - Total rows data inserted: 0
2025-03-09 04:00:17,130 - INFO - There is no data updated
2025-03-09 04:00:17,130 - INFO - There is no data new
2025-03-09 04:00:17,130 - INFO - Memory after execution: 88.87890625
2025-03-09 04:00:17,130 - INFO - Memory used: 21.5078125
2025-03-09 04:00:17,130 - INFO - total time execution: 14.484377145767212

2025-03-10 04:00:01,667 - INFO - Memory before execution: 67.35546875
2025-03-10 04:00:01,683 - INFO - Success connect to DB HIS LIVE!
2025-03-10 04:00:12,058 - INFO - Extracted 6334 rows from source HIS LIVE
2025-03-10 04:00:12,199 - INFO - Success connect to database staging SQLServer!
2025-03-10 04:00:15,011 - INFO - Total rows data modified: 0
2025-03-10 04:00:15,011 - INFO - Total rows data inserted: 0
2025-03-10 04:00:15,011 - INFO - There is no data updated
2025-03-10 04:00:15,011 - INFO - There is no data new
2025-03-10 04:00:15,011 - INFO - Memory after execution: 87.28515625
2025-03-10 04:00:15,011 - INFO - Memory used: 19.9296875
2025-03-10 04:00:15,011 - INFO - total time execution: 13.343737602233887

